[INFO] 2025-11-10 05:51:07,371 users: Signup attempt: email=Shaad@sample.com, referral=
[INFO] 2025-11-10 05:57:18,326 users: Signup attempt: email=shaad@sample.com, referral=
[INFO] 2025-11-10 05:57:19,041 users: User created successfully: shaad@sample.com
[INFO] 2025-11-10 05:57:19,049 users: User logged in after signup: shaad@sample.com
[INFO] 2025-11-10 08:21:23,904 users: Signup attempt: email=mohammedshaadn@gmail.com, referral=efheuh1234
[WARNING] 2025-11-10 08:21:23,940 users: Invalid referral code used: efheuh1234
[INFO] 2025-11-10 10:33:16,330 users: Signup attempt: email=nepen79875@fantastu.com, referral=
[INFO] 2025-11-10 10:33:17,624 users: User created (not verified): nepen79875@fantastu.com
[INFO] 2025-11-10 10:33:17,641 users: OTP generated for nepen79875@fantastu.com: 136996
[INFO] 2025-11-10 10:33:21,552 users: OTP email sent successfully to nepen79875@fantastu.com
[INFO] 2025-11-10 10:33:21,555 users: OTP email sent to nepen79875@fantastu.com
[INFO] 2025-11-10 10:33:21,876 users: OTP verification for user: nepen79875@fantastu.com
[INFO] 2025-11-10 10:34:15,709 users: OTP verification for user: nepen79875@fantastu.com
[INFO] 2025-11-10 10:34:15,724 users: OTP verified successfully for nepen79875@fantastu.com
[INFO] 2025-11-10 10:34:15,732 users: User logged in after OTP verification: nepen79875@fantastu.com
[INFO] 2025-11-10 10:40:30,790 users: Signup attempt: email=nepen79875@fantastu.com, referral=GKG9QBQGJ1
[WARNING] 2025-11-10 10:40:30,885 users: Signup failed: Email already exists (nepen79875@fantastu.com)
[INFO] 2025-11-10 10:41:01,974 users: Signup attempt: email=pojilag411@wivstore.com, referral=GKG9QBQGJ1
[INFO] 2025-11-10 10:41:02,034 users: User pojilag411@wivstore.com was referred by nepen79875@fantastu.com
[INFO] 2025-11-10 10:41:02,993 users: User created (not verified): pojilag411@wivstore.com
[INFO] 2025-11-10 10:41:02,996 users: OTP generated for pojilag411@wivstore.com: 801870
[INFO] 2025-11-10 10:41:08,205 users: OTP email sent successfully to pojilag411@wivstore.com
[INFO] 2025-11-10 10:41:08,207 users: OTP email sent to pojilag411@wivstore.com
[INFO] 2025-11-10 10:41:08,307 users: OTP verification for user: pojilag411@wivstore.com
[INFO] 2025-11-10 10:42:02,932 users: OTP verification for user: pojilag411@wivstore.com
[WARNING] 2025-11-10 10:42:02,934 users: Incorrect OTP attempt for pojilag411@wivstore.com. Entered: 56709
[INFO] 2025-11-10 10:42:02,981 users: OTP verification for user: pojilag411@wivstore.com
[INFO] 2025-11-10 10:43:38,773 users: OTP verification for user: pojilag411@wivstore.com
[INFO] 2025-11-10 10:43:54,920 users: OTP verification for user: pojilag411@wivstore.com
[WARNING] 2025-11-10 10:43:54,924 users: Incorrect OTP attempt for pojilag411@wivstore.com. Entered: odko
[INFO] 2025-11-10 10:43:55,002 users: OTP verification for user: pojilag411@wivstore.com
[INFO] 2025-11-10 10:46:12,834 users: OTP verification for user: pojilag411@wivstore.com
[WARNING] 2025-11-10 10:46:12,835 users: OTP expired for pojilag411@wivstore.com. Deleting account.
[INFO] 2025-11-10 10:47:25,614 users: Signup attempt: email=pojilag411@wivstore.com, referral=GKG9QBQGJ1
[INFO] 2025-11-10 10:47:25,681 users: User pojilag411@wivstore.com was referred by nepen79875@fantastu.com
[INFO] 2025-11-10 10:47:26,607 users: User created (not verified): pojilag411@wivstore.com
[INFO] 2025-11-10 10:47:26,610 users: OTP generated for pojilag411@wivstore.com: 252510
[INFO] 2025-11-10 10:47:30,581 users: OTP email sent successfully to pojilag411@wivstore.com
[INFO] 2025-11-10 10:47:30,583 users: OTP email sent to pojilag411@wivstore.com
[INFO] 2025-11-10 10:47:30,676 users: OTP verification for user: pojilag411@wivstore.com
[INFO] 2025-11-10 10:47:55,750 users: OTP verification for user: pojilag411@wivstore.com
[WARNING] 2025-11-10 10:47:55,753 users: Incorrect OTP attempt for pojilag411@wivstore.com. Entered: 67767
[INFO] 2025-11-10 10:47:55,827 users: OTP verification for user: pojilag411@wivstore.com
[INFO] 2025-11-10 10:48:09,535 users: OTP verification for user: pojilag411@wivstore.com
[WARNING] 2025-11-10 10:48:09,545 users: Incorrect OTP attempt for pojilag411@wivstore.com. Entered: 8766
[INFO] 2025-11-10 10:48:09,621 users: OTP verification for user: pojilag411@wivstore.com
[INFO] 2025-11-10 10:50:11,625 users: Resend OTP requested by: pojilag411@wivstore.com
[INFO] 2025-11-10 10:50:11,630 users: New OTP generated for pojilag411@wivstore.com: 133532
[INFO] 2025-11-10 10:50:14,728 users: OTP email sent successfully to pojilag411@wivstore.com
[INFO] 2025-11-10 10:50:14,729 users: Resent OTP to pojilag411@wivstore.com
[INFO] 2025-11-10 10:50:14,802 users: OTP verification for user: pojilag411@wivstore.com
[INFO] 2025-11-10 10:50:52,554 users: OTP verification for user: pojilag411@wivstore.com
[WARNING] 2025-11-10 10:50:52,558 users: Incorrect OTP attempt for pojilag411@wivstore.com. Entered: 252510
[INFO] 2025-11-10 10:50:52,632 users: OTP verification for user: pojilag411@wivstore.com
[INFO] 2025-11-10 10:51:16,512 users: OTP verification for user: pojilag411@wivstore.com
[INFO] 2025-11-10 10:51:16,519 users: OTP verified successfully for pojilag411@wivstore.com
[INFO] 2025-11-10 10:51:16,538 users: User logged in after OTP verification: pojilag411@wivstore.com
[INFO] 2025-11-10 13:19:11,337 users: Login attempt for email: shaad@sample.com
[INFO] 2025-11-10 13:19:12,031 users: User logged in successfully: shaad@sample.com
[INFO] 2025-11-10 13:19:32,647 users: Login attempt for email: admin@shoeverse.com
[INFO] 2025-11-10 13:19:33,300 users: User logged in successfully: admin@shoeverse.com
[INFO] 2025-11-10 13:22:19,035 users: Login attempt for email: shaad@sample.com
[INFO] 2025-11-10 13:22:19,698 users: User logged in successfully: shaad@sample.com
[INFO] 2025-11-10 14:16:08,698 users: Password reset link email sent successfully to pojilag411@wivstore.com
[INFO] 2025-11-10 14:16:08,701 users: reset email sent to pojilag411@wivstore.com
[INFO] 2025-11-10 14:17:09,737 users: Login attempt for email: pojilag411@wivstore.com
[INFO] 2025-11-10 14:17:10,504 users: User logged in successfully: pojilag411@wivstore.com
[WARNING] 2025-11-10 14:21:00,072 users: OTP verification failed: No pending user session.
[INFO] 2025-11-10 14:21:22,961 users: Password reset link email sent successfully to pojilag411@wivstore.com
[INFO] 2025-11-10 14:21:22,962 users: reset email sent to pojilag411@wivstore.com
[INFO] 2025-11-10 14:22:03,353 users: Login attempt for email: pojilag411@wivstore.com
[INFO] 2025-11-10 14:22:03,988 users: User logged in successfully: pojilag411@wivstore.com
